<?xml version="1.0" encoding="UTF-8"?>
<testsuite xmlns:xsi="http://www.w3.org/2001/XMLSchema-instance" xsi:noNamespaceSchemaLocation="https://maven.apache.org/surefire/maven-surefire-plugin/xsd/surefire-test-report-3.0.xsd" version="3.0" name="com.bimbo.app.LoyaltyProgramApplicationTests" time="2.724" tests="1" errors="0" skipped="0" failures="0">
  <properties>
[...]
</properties>
  <testcase name="contextLoads" classname="com.bimbo.app.LoyaltyProgramApplicationTests" time="0.3">
    <system-out><![CDATA[07:15:16.388 [main] INFO org.springframework.test.context.support.AnnotationConfigContextLoaderUtils -- Could not detect default configuration classes for test class [com.bimbo.app.LoyaltyProgramApplicationTests]: LoyaltyProgramApplicationTests does not declare any static, non-private, non-final, nested classes annotated with @Configuration.
07:15:16.448 [main] INFO org.springframework.boot.test.context.SpringBootTestContextBootstrapper -- Found @SpringBootConfiguration com.bimbo.app.LoyaltyProgramApplication for test class com.bimbo.app.LoyaltyProgramApplicationTests

  .   ____          _            __ _ _
 /\\ / ___'_ __ _ _(_)_ __  __ _ \ \ \ \
( ( )\___ | '_ | '_| | '_ \/ _` | \ \ \ \
 \\/  ___)| |_)| | | | | || (_| |  ) ) ) )
  '  |____| .__|_| |_|_| |_\__, | / / / /
 =========|_|==============|___/=/_/_/_/
 :: Spring Boot ::                (v3.2.3)

[main] INFO : com.bimbo.app.LoyaltyProgramApplicationTests - Starting LoyaltyProgramApplicationTests using Java 17.0.10 with PID 91015 (started by alexmartinez in /Users/antonioalejandromartinezdorantes/Documents/Documents/Grupo Bimbo/loyaltyProgram)
[main] INFO : com.bimbo.app.LoyaltyProgramApplicationTests - No active profile set, falling back to 1 default profile: "default"
[main] INFO : org.springframework.data.repository.config.RepositoryConfigurationDelegate - Bootstrapping Spring Data JPA repositories in DEFAULT mode.
[main] INFO : org.springframework.data.repository.config.RepositoryConfigurationDelegate - Finished Spring Data repository scanning in 27 ms. Found 4 JPA repository interfaces.
[main] INFO : org.hibernate.jpa.internal.util.LogHelper - HHH000204: Processing PersistenceUnitInfo [name: default]
[main] INFO : org.hibernate.Version - HHH000412: Hibernate ORM core version 6.4.4.Final
[main] INFO : org.hibernate.cache.internal.RegionFactoryInitiator - HHH000026: Second-level cache disabled
[main] INFO : org.springframework.orm.jpa.persistenceunit.SpringPersistenceUnitInfo - No LoadTimeWeaver setup: ignoring JPA class transformer
[main] INFO : com.zaxxer.hikari.HikariDataSource - HikariPool-1 - Starting...
[main] INFO : com.zaxxer.hikari.pool.HikariPool - HikariPool-1 - Added connection com.mysql.cj.jdbc.ConnectionImpl@11c3d22f
[main] INFO : com.zaxxer.hikari.HikariDataSource - HikariPool-1 - Start completed.
[main] INFO : org.hibernate.engine.transaction.jta.platform.internal.JtaPlatformInitiator - HHH000489: No JTA platform available (set 'hibernate.transaction.jta.platform' to enable JTA platform integration)
[main] INFO : org.springframework.orm.jpa.LocalContainerEntityManagerFactoryBean - Initialized JPA EntityManagerFactory for persistence unit 'default'
[main] INFO : org.springframework.data.jpa.repository.query.QueryEnhancerFactory - Hibernate is in classpath; If applicable, HQL parser will be used.
[main] WARN : org.springframework.boot.autoconfigure.orm.jpa.JpaBaseConfiguration$JpaWebConfiguration - spring.jpa.open-in-view is enabled by default. Therefore, database queries may be performed during view rendering. Explicitly configure spring.jpa.open-in-view to disable this warning
[main] INFO : org.springframework.security.web.DefaultSecurityFilterChain - Will secure any request with [org.springframework.security.web.session.DisableEncodeUrlFilter@599fab92, org.springframework.security.web.context.request.async.WebAsyncManagerIntegrationFilter@439054a7, org.springframework.security.web.context.SecurityContextHolderFilter@5e445ffe, org.springframework.security.web.header.HeaderWriterFilter@7ceb7a60, org.springframework.web.filter.CorsFilter@4fc1eee5, org.springframework.security.web.authentication.logout.LogoutFilter@23263586, com.bimbo.app.config.security.JwtAuthenticationFilter@3013e1e8, org.springframework.security.web.savedrequest.RequestCacheAwareFilter@2a9fd482, org.springframework.security.web.servletapi.SecurityContextHolderAwareRequestFilter@7ca2319f, org.springframework.security.web.authentication.AnonymousAuthenticationFilter@120661d2, org.springframework.security.web.session.SessionManagementFilter@38224635, org.springframework.security.web.access.ExceptionTranslationFilter@63024843, org.springframework.security.web.access.intercept.AuthorizationFilter@685e5967]
[main] INFO : com.bimbo.app.LoyaltyProgramApplicationTests - Started LoyaltyProgramApplicationTests in 2.189 seconds (process running for 2.662)
]]></system-out>
  </testcase>
</testsuite>